<?xml version="1.0" encoding="UTF-8"?>
<!-- Generated by org.testng.reporters.JUnitReportReporter -->
<testsuite skipped="0" hostname="BDC4-L-61062ND" name="com.crm.qa.tests.ContactsPageTest" tests="3" failures="0" timestamp="2020-05-28T12:16:55 IST" time="124.459" errors="0">
  <testcase name="createNewContactsTest" time="41.310" classname="com.crm.qa.tests.ContactsPageTest"/>
  <system-out/>
  <testcase name="createNewContactsTest" time="43.048" classname="com.crm.qa.tests.ContactsPageTest"/>
  <system-out/>
  <testcase name="createNewContactsTest" time="40.101" classname="com.crm.qa.tests.ContactsPageTest"/>
  <system-out/>
</testsuite> <!-- com.crm.qa.tests.ContactsPageTest -->
