<?xml version="1.0" encoding="UTF-8"?>
<!-- Generated by org.testng.reporters.JUnitReportReporter -->
<testsuite skipped="0" hostname="BDC4-L-61062ND" name="com.crm.qa.tests.ContactsPageTest" tests="3" failures="0" timestamp="2020-05-26T13:02:28 IST" time="59.085" errors="0">
  <testcase name="createNewContactsTest" time="13.025" classname="com.crm.qa.tests.ContactsPageTest"/>
  <system-out/>
  <testcase name="createNewContactsTest" time="23.759" classname="com.crm.qa.tests.ContactsPageTest"/>
  <system-out/>
  <testcase name="createNewContactsTest" time="22.301" classname="com.crm.qa.tests.ContactsPageTest"/>
  <system-out/>
</testsuite> <!-- com.crm.qa.tests.ContactsPageTest -->
