<?xml version="1.0" encoding="UTF-8"?>
<!-- Generated by org.testng.reporters.JUnitReportReporter -->
<testsuite skipped="0" hostname="BDC4-L-61062ND" name="com.crm.qa.tests.HomePageTest" tests="2" failures="0" timestamp="2020-05-25T12:51:23 IST" time="70.198" errors="0">
  <testcase name="validateUserIconTest" time="36.836" classname="com.crm.qa.tests.HomePageTest"/>
  <system-out/>
  <testcase name="validateContactsPageLinkTest" time="33.362" classname="com.crm.qa.tests.HomePageTest"/>
  <system-out/>
</testsuite> <!-- com.crm.qa.tests.HomePageTest -->
