<?xml version="1.0" encoding="UTF-8"?>
<!-- Generated by org.testng.reporters.JUnitReportReporter -->
<testsuite skipped="0" hostname="BDC4-L-61062ND" name="com.crm.qa.tests.LoginPageTest" tests="2" failures="0" timestamp="2020-05-25T12:51:23 IST" time="74.545" errors="0">
  <testcase name="validateLoginTest" time="39.418" classname="com.crm.qa.tests.LoginPageTest"/>
  <system-out/>
  <testcase name="validateForgotPasswordLinkTest" time="35.127" classname="com.crm.qa.tests.LoginPageTest"/>
  <system-out/>
</testsuite> <!-- com.crm.qa.tests.LoginPageTest -->
